2015-09-27 04:57:47 [scrapy] INFO: Scrapy 1.0.3 started (bot: simpleraceday)
2015-09-27 04:57:47 [scrapy] INFO: Optional features available: ssl, http11, boto
2015-09-27 04:57:47 [scrapy] INFO: Overridden settings: {'NEWSPIDER_MODULE': 'simpleraceday.spiders', 'SPIDER_MODULES': ['simpleraceday.spiders'], 'BOT_NAME': 'simpleraceday', 'USER_AGENT': 'Googlebot/2.1 ( http://www.google.com/bot.html)', 'LOG_FILE': 'scrapy_racedaylive_2015-09-27.log', 'DOWNLOAD_DELAY': 0.5}
2015-09-27 04:57:47 [scrapy] INFO: Enabled extensions: CloseSpider, TelnetConsole, LogStats, CoreStats, SpiderState, AutoThrottle
2015-09-27 04:57:47 [boto] DEBUG: Retrieving credentials from metadata server.
2015-09-27 04:57:48 [boto] ERROR: Caught exception reading instance data
Traceback (most recent call last):
  File "/usr/lib/python2.7/dist-packages/boto/utils.py", line 219, in retry_url
    r = opener.open(req)
  File "/usr/lib/python2.7/urllib2.py", line 404, in open
    response = self._open(req, data)
  File "/usr/lib/python2.7/urllib2.py", line 422, in _open
    '_open', req)
  File "/usr/lib/python2.7/urllib2.py", line 382, in _call_chain
    result = func(*args)
  File "/usr/lib/python2.7/urllib2.py", line 1214, in http_open
    return self.do_open(httplib.HTTPConnection, req)
  File "/usr/lib/python2.7/urllib2.py", line 1184, in do_open
    raise URLError(err)
URLError: <urlopen error timed out>
2015-09-27 04:57:48 [boto] ERROR: Unable to read instance data, giving up
2015-09-27 04:57:48 [scrapy] INFO: Enabled downloader middlewares: HttpAuthMiddleware, DownloadTimeoutMiddleware, UserAgentMiddleware, RetryMiddleware, DefaultHeadersMiddleware, MetaRefreshMiddleware, HttpCompressionMiddleware, RedirectMiddleware, CookiesMiddleware, ChunkedTransferMiddleware, DownloaderStats
2015-09-27 04:57:48 [scrapy] INFO: Enabled spider middlewares: HttpErrorMiddleware, OffsiteMiddleware, RefererMiddleware, UrlLengthMiddleware, DepthMiddleware
2015-09-27 04:57:48 [scrapy] INFO: Enabled item pipelines: 
2015-09-27 04:57:48 [scrapy] INFO: Spider opened
2015-09-27 04:57:48 [scrapy] INFO: Crawled 0 pages (at 0 pages/min), scraped 0 items (at 0 items/min)
2015-09-27 04:57:48 [scrapy] DEBUG: Telnet console listening on 127.0.0.1:6026
2015-09-27 04:57:49 [scrapy] DEBUG: Crawled (200) <GET http://racing.scmp.com/login.asp> (referer: None)
2015-09-27 04:57:54 [scrapy] DEBUG: Redirecting (302) to <GET http://racing.scmp.com/index.asp> from <POST http://racing.scmp.com/Login.asp>
2015-09-27 04:57:58 [scrapy] DEBUG: Crawled (200) <GET http://racing.scmp.com/index.asp> (referer: http://racing.scmp.com/login.asp)
2015-09-27 04:58:01 [scrapy] DEBUG: Crawled (200) <GET http://racing.scmp.com/racecardpro/racecardpro.asp> (referer: http://racing.scmp.com/index.asp)
2015-09-27 04:58:01 [scrapy] INFO: Closing spider (finished)
2015-09-27 04:58:01 [scrapy] INFO: Dumping Scrapy stats:
{'downloader/request_bytes': 1525,
 'downloader/request_count': 4,
 'downloader/request_method_count/GET': 3,
 'downloader/request_method_count/POST': 1,
 'downloader/response_bytes': 169921,
 'downloader/response_count': 4,
 'downloader/response_status_count/200': 3,
 'downloader/response_status_count/302': 1,
 'finish_reason': 'finished',
 'finish_time': datetime.datetime(2015, 9, 27, 4, 58, 1, 351770),
 'log_count/DEBUG': 6,
 'log_count/ERROR': 2,
 'log_count/INFO': 7,
 'request_depth_max': 2,
 'response_received_count': 3,
 'scheduler/dequeued': 4,
 'scheduler/dequeued/memory': 4,
 'scheduler/enqueued': 4,
 'scheduler/enqueued/memory': 4,
 'start_time': datetime.datetime(2015, 9, 27, 4, 57, 48, 281968)}
2015-09-27 04:58:01 [scrapy] INFO: Spider closed (finished)
