2015-09-26 08:35:09 [scrapy] INFO: Scrapy 1.0.3 started (bot: simpleraceday)
2015-09-26 08:35:09 [scrapy] INFO: Optional features available: ssl, http11, boto
2015-09-26 08:35:09 [scrapy] INFO: Overridden settings: {'NEWSPIDER_MODULE': 'simpleraceday.spiders', 'SPIDER_MODULES': ['simpleraceday.spiders'], 'LOG_FILE': 'scrapy_racedaylive_2015-09-26.log', 'DOWNLOAD_DELAY': 0.5, 'BOT_NAME': 'simpleraceday'}
2015-09-26 08:35:38 [scrapy] INFO: Scrapy 1.0.3 started (bot: simpleraceday)
2015-09-26 08:35:38 [scrapy] INFO: Optional features available: ssl, http11, boto
2015-09-26 08:35:38 [scrapy] INFO: Overridden settings: {'NEWSPIDER_MODULE': 'simpleraceday.spiders', 'SPIDER_MODULES': ['simpleraceday.spiders'], 'LOG_FILE': 'scrapy_racedaylive_2015-09-26.log', 'DOWNLOAD_DELAY': 0.5, 'BOT_NAME': 'simpleraceday'}
2015-09-26 08:35:38 [scrapy] INFO: Enabled extensions: CloseSpider, TelnetConsole, LogStats, CoreStats, SpiderState, AutoThrottle
2015-09-26 08:35:38 [twisted] ERROR: Unhandled error in Deferred:
2015-09-26 08:35:38 [twisted] ERROR: Unhandled Error
Traceback (most recent call last):
  File "/usr/local/lib/python2.7/dist-packages/scrapy/cmdline.py", line 150, in _run_command
    cmd.run(args, opts)
  File "/usr/local/lib/python2.7/dist-packages/scrapy/commands/crawl.py", line 57, in run
    self.crawler_process.crawl(spname, **opts.spargs)
  File "/usr/local/lib/python2.7/dist-packages/scrapy/crawler.py", line 153, in crawl
    d = crawler.crawl(*args, **kwargs)
  File "/usr/lib/python2.7/dist-packages/twisted/internet/defer.py", line 1237, in unwindGenerator
    return _inlineCallbacks(None, gen, Deferred())
--- <exception caught here> ---
  File "/usr/lib/python2.7/dist-packages/twisted/internet/defer.py", line 1099, in _inlineCallbacks
    result = g.send(result)
  File "/usr/local/lib/python2.7/dist-packages/scrapy/crawler.py", line 70, in crawl
    self.spider = self._create_spider(*args, **kwargs)
  File "/usr/local/lib/python2.7/dist-packages/scrapy/crawler.py", line 80, in _create_spider
    return self.spidercls.from_crawler(self, *args, **kwargs)
  File "/usr/local/lib/python2.7/dist-packages/scrapy/spiders/__init__.py", line 50, in from_crawler
    spider = cls(*args, **kwargs)
  File "/home/vmac/PY/simpleraceday/simpleraceday/spiders/simpleraceday.py", line 23, in __init__
    assert coursecode in ['ST', 'HV']
exceptions.NameError: global name 'coursecode' is not defined

2015-09-26 08:35:53 [scrapy] INFO: Scrapy 1.0.3 started (bot: simpleraceday)
2015-09-26 08:35:53 [scrapy] INFO: Optional features available: ssl, http11, boto
2015-09-26 08:35:53 [scrapy] INFO: Overridden settings: {'NEWSPIDER_MODULE': 'simpleraceday.spiders', 'SPIDER_MODULES': ['simpleraceday.spiders'], 'LOG_FILE': 'scrapy_racedaylive_2015-09-26.log', 'DOWNLOAD_DELAY': 0.5, 'BOT_NAME': 'simpleraceday'}
2015-09-26 08:35:53 [scrapy] INFO: Enabled extensions: CloseSpider, TelnetConsole, LogStats, CoreStats, SpiderState, AutoThrottle
2015-09-26 08:35:53 [twisted] ERROR: Unhandled error in Deferred:
2015-09-26 08:35:53 [twisted] ERROR: Unhandled Error
Traceback (most recent call last):
  File "/usr/local/lib/python2.7/dist-packages/scrapy/cmdline.py", line 150, in _run_command
    cmd.run(args, opts)
  File "/usr/local/lib/python2.7/dist-packages/scrapy/commands/crawl.py", line 57, in run
    self.crawler_process.crawl(spname, **opts.spargs)
  File "/usr/local/lib/python2.7/dist-packages/scrapy/crawler.py", line 153, in crawl
    d = crawler.crawl(*args, **kwargs)
  File "/usr/lib/python2.7/dist-packages/twisted/internet/defer.py", line 1237, in unwindGenerator
    return _inlineCallbacks(None, gen, Deferred())
--- <exception caught here> ---
  File "/usr/lib/python2.7/dist-packages/twisted/internet/defer.py", line 1099, in _inlineCallbacks
    result = g.send(result)
  File "/usr/local/lib/python2.7/dist-packages/scrapy/crawler.py", line 70, in crawl
    self.spider = self._create_spider(*args, **kwargs)
  File "/usr/local/lib/python2.7/dist-packages/scrapy/crawler.py", line 80, in _create_spider
    return self.spidercls.from_crawler(self, *args, **kwargs)
  File "/usr/local/lib/python2.7/dist-packages/scrapy/spiders/__init__.py", line 50, in from_crawler
    spider = cls(*args, **kwargs)
  File "/home/vmac/PY/simpleraceday/simpleraceday/spiders/simpleraceday.py", line 23, in __init__
    assert coursecode in ['ST', 'HV']
exceptions.NameError: global name 'coursecode' is not defined

2015-09-26 08:36:08 [scrapy] INFO: Scrapy 1.0.3 started (bot: simpleraceday)
2015-09-26 08:36:08 [scrapy] INFO: Optional features available: ssl, http11, boto
2015-09-26 08:36:08 [scrapy] INFO: Overridden settings: {'NEWSPIDER_MODULE': 'simpleraceday.spiders', 'SPIDER_MODULES': ['simpleraceday.spiders'], 'LOG_FILE': 'scrapy_racedaylive_2015-09-26.log', 'DOWNLOAD_DELAY': 0.5, 'BOT_NAME': 'simpleraceday'}
2015-09-26 08:36:08 [scrapy] INFO: Enabled extensions: CloseSpider, TelnetConsole, LogStats, CoreStats, SpiderState, AutoThrottle
2015-09-26 08:36:08 [boto] DEBUG: Retrieving credentials from metadata server.
2015-09-26 08:36:09 [boto] ERROR: Caught exception reading instance data
Traceback (most recent call last):
  File "/usr/lib/python2.7/dist-packages/boto/utils.py", line 219, in retry_url
    r = opener.open(req)
  File "/usr/lib/python2.7/urllib2.py", line 404, in open
    response = self._open(req, data)
  File "/usr/lib/python2.7/urllib2.py", line 422, in _open
    '_open', req)
  File "/usr/lib/python2.7/urllib2.py", line 382, in _call_chain
    result = func(*args)
  File "/usr/lib/python2.7/urllib2.py", line 1214, in http_open
    return self.do_open(httplib.HTTPConnection, req)
  File "/usr/lib/python2.7/urllib2.py", line 1184, in do_open
    raise URLError(err)
URLError: <urlopen error timed out>
2015-09-26 08:36:09 [boto] ERROR: Unable to read instance data, giving up
2015-09-26 08:36:09 [scrapy] INFO: Enabled downloader middlewares: HttpAuthMiddleware, DownloadTimeoutMiddleware, UserAgentMiddleware, RetryMiddleware, DefaultHeadersMiddleware, MetaRefreshMiddleware, HttpCompressionMiddleware, RedirectMiddleware, CookiesMiddleware, ChunkedTransferMiddleware, DownloaderStats
2015-09-26 08:36:09 [scrapy] INFO: Enabled spider middlewares: HttpErrorMiddleware, OffsiteMiddleware, RefererMiddleware, UrlLengthMiddleware, DepthMiddleware
2015-09-26 08:36:09 [scrapy] INFO: Enabled item pipelines: 
2015-09-26 08:36:09 [scrapy] INFO: Spider opened
2015-09-26 08:36:09 [scrapy] INFO: Crawled 0 pages (at 0 pages/min), scraped 0 items (at 0 items/min)
2015-09-26 08:36:09 [scrapy] DEBUG: Telnet console listening on 127.0.0.1:6026
2015-09-26 08:36:11 [scrapy] DEBUG: Crawled (200) <GET http://racing.scmp.com/login.asp> (referer: None)
2015-09-26 08:36:11 [scrapy] ERROR: Spider error processing <GET http://racing.scmp.com/login.asp> (referer: None)
Traceback (most recent call last):
  File "/usr/lib/python2.7/dist-packages/twisted/internet/defer.py", line 577, in _runCallbacks
    current.result = callback(current.result, *args, **kw)
  File "/home/vmac/PY/simpleraceday/simpleraceday/spiders/simpleraceday.py", line 46, in parse
    return scrapy.Request(self.hkjcraces_url, callback=self.parse_hkjc_races)
AttributeError: 'RaceSpider' object has no attribute 'parse_hkjc_races'
2015-09-26 08:36:11 [scrapy] INFO: Closing spider (finished)
2015-09-26 08:36:11 [scrapy] INFO: Dumping Scrapy stats:
{'downloader/request_bytes': 222,
 'downloader/request_count': 1,
 'downloader/request_method_count/GET': 1,
 'downloader/response_bytes': 36536,
 'downloader/response_count': 1,
 'downloader/response_status_count/200': 1,
 'finish_reason': 'finished',
 'finish_time': datetime.datetime(2015, 9, 26, 8, 36, 11, 232644),
 'log_count/DEBUG': 3,
 'log_count/ERROR': 3,
 'log_count/INFO': 7,
 'response_received_count': 1,
 'scheduler/dequeued': 1,
 'scheduler/dequeued/memory': 1,
 'scheduler/enqueued': 1,
 'scheduler/enqueued/memory': 1,
 'spider_exceptions/AttributeError': 1,
 'start_time': datetime.datetime(2015, 9, 26, 8, 36, 9, 400128)}
2015-09-26 08:36:11 [scrapy] INFO: Spider closed (finished)
2015-09-26 08:37:12 [scrapy] INFO: Scrapy 1.0.3 started (bot: simpleraceday)
2015-09-26 08:37:12 [scrapy] INFO: Optional features available: ssl, http11, boto
2015-09-26 08:37:12 [scrapy] INFO: Overridden settings: {'NEWSPIDER_MODULE': 'simpleraceday.spiders', 'SPIDER_MODULES': ['simpleraceday.spiders'], 'LOG_FILE': 'scrapy_racedaylive_2015-09-26.log', 'DOWNLOAD_DELAY': 0.5, 'BOT_NAME': 'simpleraceday'}
2015-09-26 08:37:12 [scrapy] INFO: Enabled extensions: CloseSpider, TelnetConsole, LogStats, CoreStats, SpiderState, AutoThrottle
2015-09-26 08:37:12 [boto] DEBUG: Retrieving credentials from metadata server.
2015-09-26 08:37:13 [boto] ERROR: Caught exception reading instance data
Traceback (most recent call last):
  File "/usr/lib/python2.7/dist-packages/boto/utils.py", line 219, in retry_url
    r = opener.open(req)
  File "/usr/lib/python2.7/urllib2.py", line 404, in open
    response = self._open(req, data)
  File "/usr/lib/python2.7/urllib2.py", line 422, in _open
    '_open', req)
  File "/usr/lib/python2.7/urllib2.py", line 382, in _call_chain
    result = func(*args)
  File "/usr/lib/python2.7/urllib2.py", line 1214, in http_open
    return self.do_open(httplib.HTTPConnection, req)
  File "/usr/lib/python2.7/urllib2.py", line 1184, in do_open
    raise URLError(err)
URLError: <urlopen error timed out>
2015-09-26 08:37:13 [boto] ERROR: Unable to read instance data, giving up
2015-09-26 08:37:13 [scrapy] INFO: Enabled downloader middlewares: HttpAuthMiddleware, DownloadTimeoutMiddleware, UserAgentMiddleware, RetryMiddleware, DefaultHeadersMiddleware, MetaRefreshMiddleware, HttpCompressionMiddleware, RedirectMiddleware, CookiesMiddleware, ChunkedTransferMiddleware, DownloaderStats
2015-09-26 08:37:13 [scrapy] INFO: Enabled spider middlewares: HttpErrorMiddleware, OffsiteMiddleware, RefererMiddleware, UrlLengthMiddleware, DepthMiddleware
2015-09-26 08:37:13 [scrapy] INFO: Enabled item pipelines: 
2015-09-26 08:37:13 [scrapy] INFO: Spider opened
2015-09-26 08:37:13 [scrapy] INFO: Crawled 0 pages (at 0 pages/min), scraped 0 items (at 0 items/min)
2015-09-26 08:37:13 [scrapy] DEBUG: Telnet console listening on 127.0.0.1:6026
2015-09-26 08:37:14 [scrapy] DEBUG: Crawled (200) <GET http://racing.scmp.com/login.asp> (referer: None)
2015-09-26 08:37:14 [scrapy] INFO: Closing spider (finished)
2015-09-26 08:37:14 [scrapy] INFO: Dumping Scrapy stats:
{'downloader/request_bytes': 222,
 'downloader/request_count': 1,
 'downloader/request_method_count/GET': 1,
 'downloader/response_bytes': 36536,
 'downloader/response_count': 1,
 'downloader/response_status_count/200': 1,
 'finish_reason': 'finished',
 'finish_time': datetime.datetime(2015, 9, 26, 8, 37, 14, 892591),
 'log_count/DEBUG': 3,
 'log_count/ERROR': 2,
 'log_count/INFO': 7,
 'response_received_count': 1,
 'scheduler/dequeued': 1,
 'scheduler/dequeued/memory': 1,
 'scheduler/enqueued': 1,
 'scheduler/enqueued/memory': 1,
 'start_time': datetime.datetime(2015, 9, 26, 8, 37, 13, 364815)}
2015-09-26 08:37:14 [scrapy] INFO: Spider closed (finished)
2015-09-26 08:39:05 [scrapy] INFO: Scrapy 1.0.3 started (bot: simpleraceday)
2015-09-26 08:39:05 [scrapy] INFO: Optional features available: ssl, http11, boto
2015-09-26 08:39:05 [scrapy] INFO: Overridden settings: {'NEWSPIDER_MODULE': 'simpleraceday.spiders', 'SPIDER_MODULES': ['simpleraceday.spiders'], 'LOG_FILE': 'scrapy_racedaylive_2015-09-26.log', 'DOWNLOAD_DELAY': 0.5, 'BOT_NAME': 'simpleraceday'}
2015-09-26 08:39:05 [scrapy] INFO: Enabled extensions: CloseSpider, TelnetConsole, LogStats, CoreStats, SpiderState, AutoThrottle
2015-09-26 08:39:05 [boto] DEBUG: Retrieving credentials from metadata server.
2015-09-26 08:39:06 [boto] ERROR: Caught exception reading instance data
Traceback (most recent call last):
  File "/usr/lib/python2.7/dist-packages/boto/utils.py", line 219, in retry_url
    r = opener.open(req)
  File "/usr/lib/python2.7/urllib2.py", line 404, in open
    response = self._open(req, data)
  File "/usr/lib/python2.7/urllib2.py", line 422, in _open
    '_open', req)
  File "/usr/lib/python2.7/urllib2.py", line 382, in _call_chain
    result = func(*args)
  File "/usr/lib/python2.7/urllib2.py", line 1214, in http_open
    return self.do_open(httplib.HTTPConnection, req)
  File "/usr/lib/python2.7/urllib2.py", line 1184, in do_open
    raise URLError(err)
URLError: <urlopen error timed out>
2015-09-26 08:39:06 [boto] ERROR: Unable to read instance data, giving up
2015-09-26 08:39:06 [scrapy] INFO: Enabled downloader middlewares: HttpAuthMiddleware, DownloadTimeoutMiddleware, UserAgentMiddleware, RetryMiddleware, DefaultHeadersMiddleware, MetaRefreshMiddleware, HttpCompressionMiddleware, RedirectMiddleware, CookiesMiddleware, ChunkedTransferMiddleware, DownloaderStats
2015-09-26 08:39:06 [scrapy] INFO: Enabled spider middlewares: HttpErrorMiddleware, OffsiteMiddleware, RefererMiddleware, UrlLengthMiddleware, DepthMiddleware
2015-09-26 08:39:06 [scrapy] INFO: Enabled item pipelines: 
2015-09-26 08:39:06 [scrapy] INFO: Spider opened
2015-09-26 08:39:06 [scrapy] INFO: Crawled 0 pages (at 0 pages/min), scraped 0 items (at 0 items/min)
2015-09-26 08:39:06 [scrapy] DEBUG: Telnet console listening on 127.0.0.1:6026
2015-09-26 08:39:08 [scrapy] DEBUG: Crawled (200) <GET http://racing.scmp.com/login.asp> (referer: None)
2015-09-26 08:39:08 [scrapy] ERROR: Spider error processing <GET http://racing.scmp.com/login.asp> (referer: None)
Traceback (most recent call last):
  File "/usr/lib/python2.7/dist-packages/twisted/internet/defer.py", line 577, in _runCallbacks
    current.result = callback(current.result, *args, **kw)
  File "/home/vmac/PY/simpleraceday/simpleraceday/spiders/simpleraceday.py", line 52, in parse
    formdata={'Login': SCMP_USER, 'Password': SCMP_PASSWORD},
NameError: global name 'SCMP_USER' is not defined
2015-09-26 08:39:08 [scrapy] INFO: Closing spider (finished)
2015-09-26 08:39:08 [scrapy] INFO: Dumping Scrapy stats:
{'downloader/request_bytes': 222,
 'downloader/request_count': 1,
 'downloader/request_method_count/GET': 1,
 'downloader/response_bytes': 36536,
 'downloader/response_count': 1,
 'downloader/response_status_count/200': 1,
 'finish_reason': 'finished',
 'finish_time': datetime.datetime(2015, 9, 26, 8, 39, 8, 220978),
 'log_count/DEBUG': 3,
 'log_count/ERROR': 3,
 'log_count/INFO': 7,
 'response_received_count': 1,
 'scheduler/dequeued': 1,
 'scheduler/dequeued/memory': 1,
 'scheduler/enqueued': 1,
 'scheduler/enqueued/memory': 1,
 'spider_exceptions/NameError': 1,
 'start_time': datetime.datetime(2015, 9, 26, 8, 39, 6, 531442)}
2015-09-26 08:39:08 [scrapy] INFO: Spider closed (finished)
2015-09-26 08:43:22 [scrapy] INFO: Scrapy 1.0.3 started (bot: simpleraceday)
2015-09-26 08:43:22 [scrapy] INFO: Optional features available: ssl, http11, boto
2015-09-26 08:43:22 [scrapy] INFO: Overridden settings: {'NEWSPIDER_MODULE': 'simpleraceday.spiders', 'SPIDER_MODULES': ['simpleraceday.spiders'], 'LOG_FILE': 'scrapy_racedaylive_2015-09-26.log', 'DOWNLOAD_DELAY': 0.5, 'BOT_NAME': 'simpleraceday'}
2015-09-26 08:43:22 [scrapy] INFO: Enabled extensions: CloseSpider, TelnetConsole, LogStats, CoreStats, SpiderState, AutoThrottle
2015-09-26 08:43:22 [boto] DEBUG: Retrieving credentials from metadata server.
2015-09-26 08:43:23 [boto] ERROR: Caught exception reading instance data
Traceback (most recent call last):
  File "/usr/lib/python2.7/dist-packages/boto/utils.py", line 219, in retry_url
    r = opener.open(req)
  File "/usr/lib/python2.7/urllib2.py", line 404, in open
    response = self._open(req, data)
  File "/usr/lib/python2.7/urllib2.py", line 422, in _open
    '_open', req)
  File "/usr/lib/python2.7/urllib2.py", line 382, in _call_chain
    result = func(*args)
  File "/usr/lib/python2.7/urllib2.py", line 1214, in http_open
    return self.do_open(httplib.HTTPConnection, req)
  File "/usr/lib/python2.7/urllib2.py", line 1184, in do_open
    raise URLError(err)
URLError: <urlopen error timed out>
2015-09-26 08:43:23 [boto] ERROR: Unable to read instance data, giving up
2015-09-26 08:43:23 [scrapy] INFO: Enabled downloader middlewares: HttpAuthMiddleware, DownloadTimeoutMiddleware, UserAgentMiddleware, RetryMiddleware, DefaultHeadersMiddleware, MetaRefreshMiddleware, HttpCompressionMiddleware, RedirectMiddleware, CookiesMiddleware, ChunkedTransferMiddleware, DownloaderStats
2015-09-26 08:43:23 [scrapy] INFO: Enabled spider middlewares: HttpErrorMiddleware, OffsiteMiddleware, RefererMiddleware, UrlLengthMiddleware, DepthMiddleware
2015-09-26 08:43:23 [scrapy] INFO: Enabled item pipelines: 
2015-09-26 08:43:23 [scrapy] INFO: Spider opened
2015-09-26 08:43:23 [scrapy] INFO: Crawled 0 pages (at 0 pages/min), scraped 0 items (at 0 items/min)
2015-09-26 08:43:23 [scrapy] DEBUG: Telnet console listening on 127.0.0.1:6026
2015-09-26 08:43:25 [scrapy] DEBUG: Crawled (200) <GET http://racing.scmp.com/login.asp> (referer: None)
2015-09-26 08:43:25 [scrapy] ERROR: Spider error processing <GET http://racing.scmp.com/login.asp> (referer: None)
Traceback (most recent call last):
  File "/usr/lib/python2.7/dist-packages/twisted/internet/defer.py", line 577, in _runCallbacks
    current.result = callback(current.result, *args, **kw)
  File "/home/vmac/PY/simpleraceday/simpleraceday/spiders/simpleraceday.py", line 53, in parse
    formdata={'Login': luckyvince, 'Password': invader},
NameError: global name 'luckyvince' is not defined
2015-09-26 08:43:25 [scrapy] INFO: Closing spider (finished)
2015-09-26 08:43:25 [scrapy] INFO: Dumping Scrapy stats:
{'downloader/request_bytes': 222,
 'downloader/request_count': 1,
 'downloader/request_method_count/GET': 1,
 'downloader/response_bytes': 36536,
 'downloader/response_count': 1,
 'downloader/response_status_count/200': 1,
 'finish_reason': 'finished',
 'finish_time': datetime.datetime(2015, 9, 26, 8, 43, 25, 360120),
 'log_count/DEBUG': 3,
 'log_count/ERROR': 3,
 'log_count/INFO': 7,
 'response_received_count': 1,
 'scheduler/dequeued': 1,
 'scheduler/dequeued/memory': 1,
 'scheduler/enqueued': 1,
 'scheduler/enqueued/memory': 1,
 'spider_exceptions/NameError': 1,
 'start_time': datetime.datetime(2015, 9, 26, 8, 43, 23, 776205)}
2015-09-26 08:43:25 [scrapy] INFO: Spider closed (finished)
2015-09-26 08:43:46 [scrapy] INFO: Scrapy 1.0.3 started (bot: simpleraceday)
2015-09-26 08:43:46 [scrapy] INFO: Optional features available: ssl, http11, boto
2015-09-26 08:43:46 [scrapy] INFO: Overridden settings: {'NEWSPIDER_MODULE': 'simpleraceday.spiders', 'SPIDER_MODULES': ['simpleraceday.spiders'], 'LOG_FILE': 'scrapy_racedaylive_2015-09-26.log', 'DOWNLOAD_DELAY': 0.5, 'BOT_NAME': 'simpleraceday'}
2015-09-26 08:43:46 [scrapy] INFO: Enabled extensions: CloseSpider, TelnetConsole, LogStats, CoreStats, SpiderState, AutoThrottle
2015-09-26 08:43:46 [boto] DEBUG: Retrieving credentials from metadata server.
2015-09-26 08:43:47 [boto] ERROR: Caught exception reading instance data
Traceback (most recent call last):
  File "/usr/lib/python2.7/dist-packages/boto/utils.py", line 219, in retry_url
    r = opener.open(req)
  File "/usr/lib/python2.7/urllib2.py", line 404, in open
    response = self._open(req, data)
  File "/usr/lib/python2.7/urllib2.py", line 422, in _open
    '_open', req)
  File "/usr/lib/python2.7/urllib2.py", line 382, in _call_chain
    result = func(*args)
  File "/usr/lib/python2.7/urllib2.py", line 1214, in http_open
    return self.do_open(httplib.HTTPConnection, req)
  File "/usr/lib/python2.7/urllib2.py", line 1184, in do_open
    raise URLError(err)
URLError: <urlopen error timed out>
2015-09-26 08:43:47 [boto] ERROR: Unable to read instance data, giving up
2015-09-26 08:43:47 [scrapy] INFO: Enabled downloader middlewares: HttpAuthMiddleware, DownloadTimeoutMiddleware, UserAgentMiddleware, RetryMiddleware, DefaultHeadersMiddleware, MetaRefreshMiddleware, HttpCompressionMiddleware, RedirectMiddleware, CookiesMiddleware, ChunkedTransferMiddleware, DownloaderStats
2015-09-26 08:43:47 [scrapy] INFO: Enabled spider middlewares: HttpErrorMiddleware, OffsiteMiddleware, RefererMiddleware, UrlLengthMiddleware, DepthMiddleware
2015-09-26 08:43:47 [scrapy] INFO: Enabled item pipelines: 
2015-09-26 08:43:47 [scrapy] INFO: Spider opened
2015-09-26 08:43:47 [scrapy] INFO: Crawled 0 pages (at 0 pages/min), scraped 0 items (at 0 items/min)
2015-09-26 08:43:47 [scrapy] DEBUG: Telnet console listening on 127.0.0.1:6026
2015-09-26 08:43:49 [scrapy] DEBUG: Crawled (200) <GET http://racing.scmp.com/login.asp> (referer: None)
2015-09-26 08:43:53 [scrapy] DEBUG: Redirecting (302) to <GET http://racing.scmp.com/index.asp> from <POST http://racing.scmp.com/Login.asp>
2015-09-26 08:43:59 [scrapy] DEBUG: Crawled (200) <GET http://racing.scmp.com/index.asp> (referer: http://racing.scmp.com/login.asp)
2015-09-26 08:43:59 [scrapy] INFO: Closing spider (finished)
2015-09-26 08:43:59 [scrapy] INFO: Dumping Scrapy stats:
{'downloader/request_bytes': 1082,
 'downloader/request_count': 3,
 'downloader/request_method_count/GET': 2,
 'downloader/request_method_count/POST': 1,
 'downloader/response_bytes': 98673,
 'downloader/response_count': 3,
 'downloader/response_status_count/200': 2,
 'downloader/response_status_count/302': 1,
 'finish_reason': 'finished',
 'finish_time': datetime.datetime(2015, 9, 26, 8, 43, 59, 230223),
 'log_count/DEBUG': 5,
 'log_count/ERROR': 2,
 'log_count/INFO': 7,
 'request_depth_max': 1,
 'response_received_count': 2,
 'scheduler/dequeued': 3,
 'scheduler/dequeued/memory': 3,
 'scheduler/enqueued': 3,
 'scheduler/enqueued/memory': 3,
 'start_time': datetime.datetime(2015, 9, 26, 8, 43, 47, 667044)}
2015-09-26 08:43:59 [scrapy] INFO: Spider closed (finished)
2015-09-26 08:47:38 [scrapy] INFO: Scrapy 1.0.3 started (bot: simpleraceday)
2015-09-26 08:47:38 [scrapy] INFO: Optional features available: ssl, http11, boto
2015-09-26 08:47:38 [scrapy] INFO: Overridden settings: {'NEWSPIDER_MODULE': 'simpleraceday.spiders', 'SPIDER_MODULES': ['simpleraceday.spiders'], 'LOG_FILE': 'scrapy_racedaylive_2015-09-26.log', 'DOWNLOAD_DELAY': 0.5, 'BOT_NAME': 'simpleraceday'}
2015-09-26 08:47:38 [scrapy] INFO: Enabled extensions: CloseSpider, TelnetConsole, LogStats, CoreStats, SpiderState, AutoThrottle
2015-09-26 08:47:38 [boto] DEBUG: Retrieving credentials from metadata server.
2015-09-26 08:47:39 [boto] ERROR: Caught exception reading instance data
Traceback (most recent call last):
  File "/usr/lib/python2.7/dist-packages/boto/utils.py", line 219, in retry_url
    r = opener.open(req)
  File "/usr/lib/python2.7/urllib2.py", line 404, in open
    response = self._open(req, data)
  File "/usr/lib/python2.7/urllib2.py", line 422, in _open
    '_open', req)
  File "/usr/lib/python2.7/urllib2.py", line 382, in _call_chain
    result = func(*args)
  File "/usr/lib/python2.7/urllib2.py", line 1214, in http_open
    return self.do_open(httplib.HTTPConnection, req)
  File "/usr/lib/python2.7/urllib2.py", line 1184, in do_open
    raise URLError(err)
URLError: <urlopen error timed out>
2015-09-26 08:47:39 [boto] ERROR: Unable to read instance data, giving up
2015-09-26 08:47:39 [scrapy] INFO: Enabled downloader middlewares: HttpAuthMiddleware, DownloadTimeoutMiddleware, UserAgentMiddleware, RetryMiddleware, DefaultHeadersMiddleware, MetaRefreshMiddleware, HttpCompressionMiddleware, RedirectMiddleware, CookiesMiddleware, ChunkedTransferMiddleware, DownloaderStats
2015-09-26 08:47:39 [scrapy] INFO: Enabled spider middlewares: HttpErrorMiddleware, OffsiteMiddleware, RefererMiddleware, UrlLengthMiddleware, DepthMiddleware
2015-09-26 08:47:39 [scrapy] INFO: Enabled item pipelines: 
2015-09-26 08:47:39 [scrapy] INFO: Spider opened
2015-09-26 08:47:39 [scrapy] INFO: Crawled 0 pages (at 0 pages/min), scraped 0 items (at 0 items/min)
2015-09-26 08:47:39 [scrapy] DEBUG: Telnet console listening on 127.0.0.1:6026
2015-09-26 08:47:41 [scrapy] DEBUG: Crawled (200) <GET http://racing.scmp.com/login.asp> (referer: None)
2015-09-26 08:47:44 [scrapy] DEBUG: Redirecting (302) to <GET http://racing.scmp.com/index.asp> from <POST http://racing.scmp.com/Login.asp>
2015-09-26 08:47:48 [scrapy] DEBUG: Crawled (200) <GET http://racing.scmp.com/index.asp> (referer: http://racing.scmp.com/login.asp)
2015-09-26 08:47:48 [scrapy] ERROR: Spider error processing <GET http://racing.scmp.com/index.asp> (referer: http://racing.scmp.com/login.asp)
Traceback (most recent call last):
  File "/usr/lib/python2.7/dist-packages/twisted/internet/defer.py", line 577, in _runCallbacks
    current.result = callback(current.result, *args, **kw)
  File "/home/vmac/PY/simpleraceday/simpleraceday/spiders/simpleraceday.py", line 62, in parse_racecardpro_url
    ' or contains(text(),"Thursday")]/text()').extract()[0]
IndexError: list index out of range
2015-09-26 08:47:48 [scrapy] INFO: Closing spider (finished)
2015-09-26 08:47:48 [scrapy] INFO: Dumping Scrapy stats:
{'downloader/request_bytes': 1082,
 'downloader/request_count': 3,
 'downloader/request_method_count/GET': 2,
 'downloader/request_method_count/POST': 1,
 'downloader/response_bytes': 98673,
 'downloader/response_count': 3,
 'downloader/response_status_count/200': 2,
 'downloader/response_status_count/302': 1,
 'finish_reason': 'finished',
 'finish_time': datetime.datetime(2015, 9, 26, 8, 47, 48, 885563),
 'log_count/DEBUG': 5,
 'log_count/ERROR': 3,
 'log_count/INFO': 7,
 'request_depth_max': 1,
 'response_received_count': 2,
 'scheduler/dequeued': 3,
 'scheduler/dequeued/memory': 3,
 'scheduler/enqueued': 3,
 'scheduler/enqueued/memory': 3,
 'spider_exceptions/IndexError': 1,
 'start_time': datetime.datetime(2015, 9, 26, 8, 47, 39, 676725)}
2015-09-26 08:47:48 [scrapy] INFO: Spider closed (finished)
2015-09-26 08:54:11 [scrapy] INFO: Scrapy 1.0.3 started (bot: simpleraceday)
2015-09-26 08:54:11 [scrapy] INFO: Optional features available: ssl, http11, boto
2015-09-26 08:54:11 [scrapy] INFO: Overridden settings: {'NEWSPIDER_MODULE': 'simpleraceday.spiders', 'SPIDER_MODULES': ['simpleraceday.spiders'], 'BOT_NAME': 'simpleraceday', 'USER_AGENT': 'Googlebot/2.1 ( http://www.google.com/bot.html)', 'LOG_FILE': 'scrapy_racedaylive_2015-09-26.log', 'DOWNLOAD_DELAY': 0.5}
2015-09-26 08:54:11 [scrapy] INFO: Enabled extensions: CloseSpider, TelnetConsole, LogStats, CoreStats, SpiderState, AutoThrottle
2015-09-26 08:54:11 [boto] DEBUG: Retrieving credentials from metadata server.
2015-09-26 08:54:12 [boto] ERROR: Caught exception reading instance data
Traceback (most recent call last):
  File "/usr/lib/python2.7/dist-packages/boto/utils.py", line 219, in retry_url
    r = opener.open(req)
  File "/usr/lib/python2.7/urllib2.py", line 404, in open
    response = self._open(req, data)
  File "/usr/lib/python2.7/urllib2.py", line 422, in _open
    '_open', req)
  File "/usr/lib/python2.7/urllib2.py", line 382, in _call_chain
    result = func(*args)
  File "/usr/lib/python2.7/urllib2.py", line 1214, in http_open
    return self.do_open(httplib.HTTPConnection, req)
  File "/usr/lib/python2.7/urllib2.py", line 1184, in do_open
    raise URLError(err)
URLError: <urlopen error timed out>
2015-09-26 08:54:12 [boto] ERROR: Unable to read instance data, giving up
2015-09-26 08:54:12 [scrapy] INFO: Enabled downloader middlewares: HttpAuthMiddleware, DownloadTimeoutMiddleware, UserAgentMiddleware, RetryMiddleware, DefaultHeadersMiddleware, MetaRefreshMiddleware, HttpCompressionMiddleware, RedirectMiddleware, CookiesMiddleware, ChunkedTransferMiddleware, DownloaderStats
2015-09-26 08:54:12 [scrapy] INFO: Enabled spider middlewares: HttpErrorMiddleware, OffsiteMiddleware, RefererMiddleware, UrlLengthMiddleware, DepthMiddleware
2015-09-26 08:54:12 [scrapy] INFO: Enabled item pipelines: 
2015-09-26 08:54:12 [scrapy] INFO: Spider opened
2015-09-26 08:54:12 [scrapy] INFO: Crawled 0 pages (at 0 pages/min), scraped 0 items (at 0 items/min)
2015-09-26 08:54:12 [scrapy] DEBUG: Telnet console listening on 127.0.0.1:6026
2015-09-26 08:54:14 [scrapy] DEBUG: Crawled (200) <GET http://racing.scmp.com/login.asp> (referer: None)
2015-09-26 08:54:20 [scrapy] DEBUG: Redirecting (302) to <GET http://racing.scmp.com/index.asp> from <POST http://racing.scmp.com/Login.asp>
2015-09-26 08:54:24 [scrapy] DEBUG: Crawled (200) <GET http://racing.scmp.com/index.asp> (referer: http://racing.scmp.com/login.asp)
2015-09-26 08:54:24 [scrapy] INFO: Closing spider (finished)
2015-09-26 08:54:24 [scrapy] INFO: Dumping Scrapy stats:
{'downloader/request_bytes': 1124,
 'downloader/request_count': 3,
 'downloader/request_method_count/GET': 2,
 'downloader/request_method_count/POST': 1,
 'downloader/response_bytes': 98673,
 'downloader/response_count': 3,
 'downloader/response_status_count/200': 2,
 'downloader/response_status_count/302': 1,
 'finish_reason': 'finished',
 'finish_time': datetime.datetime(2015, 9, 26, 8, 54, 24, 305522),
 'log_count/DEBUG': 5,
 'log_count/ERROR': 2,
 'log_count/INFO': 7,
 'request_depth_max': 1,
 'response_received_count': 2,
 'scheduler/dequeued': 3,
 'scheduler/dequeued/memory': 3,
 'scheduler/enqueued': 3,
 'scheduler/enqueued/memory': 3,
 'start_time': datetime.datetime(2015, 9, 26, 8, 54, 12, 848995)}
2015-09-26 08:54:24 [scrapy] INFO: Spider closed (finished)
2015-09-26 08:54:38 [scrapy] INFO: Scrapy 1.0.3 started (bot: simpleraceday)
2015-09-26 08:54:38 [scrapy] INFO: Optional features available: ssl, http11, boto
2015-09-26 08:54:38 [scrapy] INFO: Overridden settings: {'NEWSPIDER_MODULE': 'simpleraceday.spiders', 'SPIDER_MODULES': ['simpleraceday.spiders'], 'BOT_NAME': 'simpleraceday', 'USER_AGENT': 'Googlebot/2.1 ( http://www.google.com/bot.html)', 'LOG_FILE': 'scrapy_racedaylive_2015-09-26.log', 'DOWNLOAD_DELAY': 0.5}
2015-09-26 08:54:38 [scrapy] INFO: Enabled extensions: CloseSpider, TelnetConsole, LogStats, CoreStats, SpiderState, AutoThrottle
2015-09-26 08:54:38 [boto] DEBUG: Retrieving credentials from metadata server.
2015-09-26 08:54:39 [boto] ERROR: Caught exception reading instance data
Traceback (most recent call last):
  File "/usr/lib/python2.7/dist-packages/boto/utils.py", line 219, in retry_url
    r = opener.open(req)
  File "/usr/lib/python2.7/urllib2.py", line 404, in open
    response = self._open(req, data)
  File "/usr/lib/python2.7/urllib2.py", line 422, in _open
    '_open', req)
  File "/usr/lib/python2.7/urllib2.py", line 382, in _call_chain
    result = func(*args)
  File "/usr/lib/python2.7/urllib2.py", line 1214, in http_open
    return self.do_open(httplib.HTTPConnection, req)
  File "/usr/lib/python2.7/urllib2.py", line 1184, in do_open
    raise URLError(err)
URLError: <urlopen error timed out>
2015-09-26 08:54:39 [boto] ERROR: Unable to read instance data, giving up
2015-09-26 08:54:39 [scrapy] INFO: Enabled downloader middlewares: HttpAuthMiddleware, DownloadTimeoutMiddleware, UserAgentMiddleware, RetryMiddleware, DefaultHeadersMiddleware, MetaRefreshMiddleware, HttpCompressionMiddleware, RedirectMiddleware, CookiesMiddleware, ChunkedTransferMiddleware, DownloaderStats
2015-09-26 08:54:39 [scrapy] INFO: Enabled spider middlewares: HttpErrorMiddleware, OffsiteMiddleware, RefererMiddleware, UrlLengthMiddleware, DepthMiddleware
2015-09-26 08:54:39 [scrapy] INFO: Enabled item pipelines: 
2015-09-26 08:54:39 [scrapy] INFO: Spider opened
2015-09-26 08:54:39 [scrapy] INFO: Crawled 0 pages (at 0 pages/min), scraped 0 items (at 0 items/min)
2015-09-26 08:54:39 [scrapy] DEBUG: Telnet console listening on 127.0.0.1:6026
2015-09-26 08:54:41 [scrapy] DEBUG: Crawled (200) <GET http://racing.scmp.com/login.asp> (referer: None)
2015-09-26 08:54:44 [scrapy] DEBUG: Redirecting (302) to <GET http://racing.scmp.com/index.asp> from <POST http://racing.scmp.com/Login.asp>
2015-09-26 08:54:50 [scrapy] DEBUG: Crawled (200) <GET http://racing.scmp.com/index.asp> (referer: http://racing.scmp.com/login.asp)
2015-09-26 08:54:50 [scrapy] ERROR: Spider error processing <GET http://racing.scmp.com/index.asp> (referer: http://racing.scmp.com/login.asp)
Traceback (most recent call last):
  File "/usr/lib/python2.7/dist-packages/twisted/internet/defer.py", line 577, in _runCallbacks
    current.result = callback(current.result, *args, **kw)
  File "/home/vmac/PY/simpleraceday/simpleraceday/spiders/simpleraceday.py", line 64, in parse_racecardpro_url
    print response.html
AttributeError: 'HtmlResponse' object has no attribute 'html'
2015-09-26 08:54:50 [scrapy] INFO: Closing spider (finished)
2015-09-26 08:54:50 [scrapy] INFO: Dumping Scrapy stats:
{'downloader/request_bytes': 1124,
 'downloader/request_count': 3,
 'downloader/request_method_count/GET': 2,
 'downloader/request_method_count/POST': 1,
 'downloader/response_bytes': 98673,
 'downloader/response_count': 3,
 'downloader/response_status_count/200': 2,
 'downloader/response_status_count/302': 1,
 'finish_reason': 'finished',
 'finish_time': datetime.datetime(2015, 9, 26, 8, 54, 50, 246458),
 'log_count/DEBUG': 5,
 'log_count/ERROR': 3,
 'log_count/INFO': 7,
 'request_depth_max': 1,
 'response_received_count': 2,
 'scheduler/dequeued': 3,
 'scheduler/dequeued/memory': 3,
 'scheduler/enqueued': 3,
 'scheduler/enqueued/memory': 3,
 'spider_exceptions/AttributeError': 1,
 'start_time': datetime.datetime(2015, 9, 26, 8, 54, 39, 605274)}
2015-09-26 08:54:50 [scrapy] INFO: Spider closed (finished)
2015-09-26 08:55:23 [scrapy] INFO: Scrapy 1.0.3 started (bot: simpleraceday)
2015-09-26 08:55:23 [scrapy] INFO: Optional features available: ssl, http11, boto
2015-09-26 08:55:23 [scrapy] INFO: Overridden settings: {'NEWSPIDER_MODULE': 'simpleraceday.spiders', 'SPIDER_MODULES': ['simpleraceday.spiders'], 'BOT_NAME': 'simpleraceday', 'USER_AGENT': 'Googlebot/2.1 ( http://www.google.com/bot.html)', 'LOG_FILE': 'scrapy_racedaylive_2015-09-26.log', 'DOWNLOAD_DELAY': 0.5}
2015-09-26 08:55:23 [scrapy] INFO: Enabled extensions: CloseSpider, TelnetConsole, LogStats, CoreStats, SpiderState, AutoThrottle
2015-09-26 08:55:23 [boto] DEBUG: Retrieving credentials from metadata server.
2015-09-26 08:55:24 [boto] ERROR: Caught exception reading instance data
Traceback (most recent call last):
  File "/usr/lib/python2.7/dist-packages/boto/utils.py", line 219, in retry_url
    r = opener.open(req)
  File "/usr/lib/python2.7/urllib2.py", line 404, in open
    response = self._open(req, data)
  File "/usr/lib/python2.7/urllib2.py", line 422, in _open
    '_open', req)
  File "/usr/lib/python2.7/urllib2.py", line 382, in _call_chain
    result = func(*args)
  File "/usr/lib/python2.7/urllib2.py", line 1214, in http_open
    return self.do_open(httplib.HTTPConnection, req)
  File "/usr/lib/python2.7/urllib2.py", line 1184, in do_open
    raise URLError(err)
URLError: <urlopen error timed out>
2015-09-26 08:55:24 [boto] ERROR: Unable to read instance data, giving up
2015-09-26 08:55:24 [scrapy] INFO: Enabled downloader middlewares: HttpAuthMiddleware, DownloadTimeoutMiddleware, UserAgentMiddleware, RetryMiddleware, DefaultHeadersMiddleware, MetaRefreshMiddleware, HttpCompressionMiddleware, RedirectMiddleware, CookiesMiddleware, ChunkedTransferMiddleware, DownloaderStats
2015-09-26 08:55:24 [scrapy] INFO: Enabled spider middlewares: HttpErrorMiddleware, OffsiteMiddleware, RefererMiddleware, UrlLengthMiddleware, DepthMiddleware
2015-09-26 08:55:24 [scrapy] INFO: Enabled item pipelines: 
2015-09-26 08:55:24 [scrapy] INFO: Spider opened
2015-09-26 08:55:24 [scrapy] INFO: Crawled 0 pages (at 0 pages/min), scraped 0 items (at 0 items/min)
2015-09-26 08:55:24 [scrapy] DEBUG: Telnet console listening on 127.0.0.1:6026
2015-09-26 08:55:26 [scrapy] DEBUG: Crawled (200) <GET http://racing.scmp.com/login.asp> (referer: None)
2015-09-26 08:55:30 [scrapy] DEBUG: Redirecting (302) to <GET http://racing.scmp.com/index.asp> from <POST http://racing.scmp.com/Login.asp>
2015-09-26 08:55:34 [scrapy] DEBUG: Crawled (200) <GET http://racing.scmp.com/index.asp> (referer: http://racing.scmp.com/login.asp)
2015-09-26 08:55:34 [scrapy] INFO: Closing spider (finished)
2015-09-26 08:55:34 [scrapy] INFO: Dumping Scrapy stats:
{'downloader/request_bytes': 1124,
 'downloader/request_count': 3,
 'downloader/request_method_count/GET': 2,
 'downloader/request_method_count/POST': 1,
 'downloader/response_bytes': 98673,
 'downloader/response_count': 3,
 'downloader/response_status_count/200': 2,
 'downloader/response_status_count/302': 1,
 'finish_reason': 'finished',
 'finish_time': datetime.datetime(2015, 9, 26, 8, 55, 34, 394877),
 'log_count/DEBUG': 5,
 'log_count/ERROR': 2,
 'log_count/INFO': 7,
 'request_depth_max': 1,
 'response_received_count': 2,
 'scheduler/dequeued': 3,
 'scheduler/dequeued/memory': 3,
 'scheduler/enqueued': 3,
 'scheduler/enqueued/memory': 3,
 'start_time': datetime.datetime(2015, 9, 26, 8, 55, 24, 718263)}
2015-09-26 08:55:34 [scrapy] INFO: Spider closed (finished)
